--------------------------------------------------------------------------------
Release 14.5 Trace  (nt64)
Copyright (c) 1995-2012 Xilinx, Inc.  All rights reserved.

C:\Xilinx\14.5\ISE_DS\ISE\bin\nt64\unwrapped\trce.exe -intstyle ise -v 3 -s 3
-n 3 -fastpaths -xml ALU.twx ALU.ncd -o ALU.twr ALU.pcf

Design file:              ALU.ncd
Physical constraint file: ALU.pcf
Device,package,speed:     xc7a100t,csg324,C,-3 (PRODUCTION 1.08 2013-03-26)
Report level:             verbose report

Environment Variable      Effect 
--------------------      ------ 
NONE                      No environment variables were set
--------------------------------------------------------------------------------

INFO:Timing:2698 - No timing constraints found, doing default enumeration.
INFO:Timing:3412 - To improve timing, see the Timing Closure User Guide (UG612).
INFO:Timing:2752 - To get complete path coverage, use the unconstrained paths 
   option. All paths that are not constrained will be reported in the 
   unconstrained paths section(s) of the report.
INFO:Timing:3339 - The clock-to-out numbers in this timing report are based on 
   a 50 Ohm transmission line loading model.  For the details of this model, 
   and for more information on accounting for different loading conditions, 
   please see the device datasheet.



Data Sheet report:
-----------------
All values displayed in nanoseconds (ns)

Pad to Pad
---------------+---------------+---------+
Source Pad     |Destination Pad|  Delay  |
---------------+---------------+---------+
aluop<0>       |dataout<0>     |    7.467|
aluop<0>       |dataout<1>     |    8.083|
aluop<0>       |dataout<2>     |    7.358|
aluop<0>       |dataout<3>     |    8.710|
aluop<0>       |dataout<4>     |    8.138|
aluop<0>       |dataout<5>     |    8.328|
aluop<0>       |dataout<6>     |    8.217|
aluop<0>       |dataout<7>     |    7.542|
aluop<0>       |dataout<8>     |    8.094|
aluop<0>       |dataout<9>     |    8.418|
aluop<0>       |dataout<10>    |    8.545|
aluop<0>       |dataout<11>    |    8.585|
aluop<0>       |dataout<12>    |    8.437|
aluop<0>       |dataout<13>    |    8.514|
aluop<0>       |dataout<14>    |    9.261|
aluop<0>       |dataout<15>    |   10.567|
aluop<0>       |dataout<16>    |    9.252|
aluop<0>       |dataout<17>    |    9.998|
aluop<0>       |dataout<18>    |    9.343|
aluop<0>       |dataout<19>    |   12.394|
aluop<0>       |dataout<20>    |   10.091|
aluop<0>       |dataout<21>    |   10.744|
aluop<0>       |dataout<22>    |    9.269|
aluop<0>       |dataout<23>    |   10.612|
aluop<0>       |dataout<24>    |    8.948|
aluop<0>       |dataout<25>    |    9.135|
aluop<0>       |dataout<26>    |    8.757|
aluop<0>       |dataout<27>    |    9.162|
aluop<0>       |dataout<28>    |    8.877|
aluop<0>       |dataout<29>    |    8.973|
aluop<0>       |dataout<30>    |    8.980|
aluop<0>       |dataout<31>    |    9.748|
aluop<0>       |zflag          |   15.126|
aluop<1>       |dataout<0>     |    7.429|
aluop<1>       |dataout<1>     |    8.000|
aluop<1>       |dataout<2>     |    7.320|
aluop<1>       |dataout<3>     |    8.088|
aluop<1>       |dataout<4>     |    8.100|
aluop<1>       |dataout<5>     |    8.082|
aluop<1>       |dataout<6>     |    8.179|
aluop<1>       |dataout<7>     |    7.504|
aluop<1>       |dataout<8>     |    8.056|
aluop<1>       |dataout<9>     |    8.380|
aluop<1>       |dataout<10>    |    8.507|
aluop<1>       |dataout<11>    |    8.547|
aluop<1>       |dataout<12>    |    8.399|
aluop<1>       |dataout<13>    |    7.871|
aluop<1>       |dataout<14>    |    8.871|
aluop<1>       |dataout<15>    |    9.314|
aluop<1>       |dataout<16>    |    8.707|
aluop<1>       |dataout<17>    |    9.525|
aluop<1>       |dataout<18>    |    8.651|
aluop<1>       |dataout<19>    |    9.949|
aluop<1>       |dataout<20>    |    9.185|
aluop<1>       |dataout<21>    |    9.639|
aluop<1>       |dataout<22>    |    8.993|
aluop<1>       |dataout<23>    |    9.237|
aluop<1>       |dataout<24>    |    9.241|
aluop<1>       |dataout<25>    |    9.263|
aluop<1>       |dataout<26>    |    9.063|
aluop<1>       |dataout<27>    |    9.374|
aluop<1>       |dataout<28>    |    8.839|
aluop<1>       |dataout<29>    |    9.208|
aluop<1>       |dataout<30>    |    8.942|
aluop<1>       |dataout<31>    |    8.960|
aluop<1>       |zflag          |   14.365|
aluop<2>       |cflag          |   19.108|
aluop<2>       |dataout<1>     |    8.467|
aluop<2>       |dataout<2>     |    7.723|
aluop<2>       |dataout<3>     |    8.965|
aluop<2>       |dataout<4>     |    8.736|
aluop<2>       |dataout<5>     |    9.204|
aluop<2>       |dataout<6>     |    9.904|
aluop<2>       |dataout<7>     |    9.017|
aluop<2>       |dataout<8>     |   10.347|
aluop<2>       |dataout<9>     |   10.557|
aluop<2>       |dataout<10>    |   10.798|
aluop<2>       |dataout<11>    |   10.732|
aluop<2>       |dataout<12>    |   10.872|
aluop<2>       |dataout<13>    |   11.191|
aluop<2>       |dataout<14>    |   12.451|
aluop<2>       |dataout<15>    |   13.007|
aluop<2>       |dataout<16>    |   13.095|
aluop<2>       |dataout<17>    |   13.526|
aluop<2>       |dataout<18>    |   14.772|
aluop<2>       |dataout<19>    |   14.405|
aluop<2>       |dataout<20>    |   15.017|
aluop<2>       |dataout<21>    |   14.934|
aluop<2>       |dataout<22>    |   15.191|
aluop<2>       |dataout<23>    |   15.869|
aluop<2>       |dataout<24>    |   16.049|
aluop<2>       |dataout<25>    |   16.397|
aluop<2>       |dataout<26>    |   17.420|
aluop<2>       |dataout<27>    |   16.973|
aluop<2>       |dataout<28>    |   18.026|
aluop<2>       |dataout<29>    |   17.753|
aluop<2>       |dataout<30>    |   17.917|
aluop<2>       |dataout<31>    |   18.402|
aluop<2>       |oflag          |   19.142|
aluop<2>       |zflag          |   19.465|
data1<0>       |cflag          |   18.323|
data1<0>       |dataout<0>     |    6.398|
data1<0>       |dataout<1>     |    7.111|
data1<0>       |dataout<2>     |    6.938|
data1<0>       |dataout<3>     |    8.180|
data1<0>       |dataout<4>     |    7.951|
data1<0>       |dataout<5>     |    8.419|
data1<0>       |dataout<6>     |    9.119|
data1<0>       |dataout<7>     |    8.232|
data1<0>       |dataout<8>     |    9.562|
data1<0>       |dataout<9>     |    9.772|
data1<0>       |dataout<10>    |   10.013|
data1<0>       |dataout<11>    |    9.947|
data1<0>       |dataout<12>    |   10.087|
data1<0>       |dataout<13>    |   10.406|
data1<0>       |dataout<14>    |   11.666|
data1<0>       |dataout<15>    |   12.222|
data1<0>       |dataout<16>    |   12.310|
data1<0>       |dataout<17>    |   12.741|
data1<0>       |dataout<18>    |   13.987|
data1<0>       |dataout<19>    |   13.620|
data1<0>       |dataout<20>    |   14.232|
data1<0>       |dataout<21>    |   14.149|
data1<0>       |dataout<22>    |   14.406|
data1<0>       |dataout<23>    |   15.084|
data1<0>       |dataout<24>    |   15.264|
data1<0>       |dataout<25>    |   15.612|
data1<0>       |dataout<26>    |   16.635|
data1<0>       |dataout<27>    |   16.188|
data1<0>       |dataout<28>    |   17.241|
data1<0>       |dataout<29>    |   16.968|
data1<0>       |dataout<30>    |   17.132|
data1<0>       |dataout<31>    |   17.617|
data1<0>       |oflag          |   18.357|
data1<0>       |zflag          |   18.680|
data1<1>       |cflag          |   18.042|
data1<1>       |dataout<1>     |    7.409|
data1<1>       |dataout<2>     |    6.657|
data1<1>       |dataout<3>     |    7.899|
data1<1>       |dataout<4>     |    7.670|
data1<1>       |dataout<5>     |    8.138|
data1<1>       |dataout<6>     |    8.838|
data1<1>       |dataout<7>     |    7.951|
data1<1>       |dataout<8>     |    9.281|
data1<1>       |dataout<9>     |    9.491|
data1<1>       |dataout<10>    |    9.732|
data1<1>       |dataout<11>    |    9.666|
data1<1>       |dataout<12>    |    9.806|
data1<1>       |dataout<13>    |   10.125|
data1<1>       |dataout<14>    |   11.385|
data1<1>       |dataout<15>    |   11.941|
data1<1>       |dataout<16>    |   12.029|
data1<1>       |dataout<17>    |   12.460|
data1<1>       |dataout<18>    |   13.706|
data1<1>       |dataout<19>    |   13.339|
data1<1>       |dataout<20>    |   13.951|
data1<1>       |dataout<21>    |   13.868|
data1<1>       |dataout<22>    |   14.125|
data1<1>       |dataout<23>    |   14.803|
data1<1>       |dataout<24>    |   14.983|
data1<1>       |dataout<25>    |   15.331|
data1<1>       |dataout<26>    |   16.354|
data1<1>       |dataout<27>    |   15.907|
data1<1>       |dataout<28>    |   16.960|
data1<1>       |dataout<29>    |   16.687|
data1<1>       |dataout<30>    |   16.851|
data1<1>       |dataout<31>    |   17.336|
data1<1>       |oflag          |   18.076|
data1<1>       |zflag          |   18.399|
data1<2>       |cflag          |   17.638|
data1<2>       |dataout<2>     |    6.197|
data1<2>       |dataout<3>     |    7.675|
data1<2>       |dataout<4>     |    7.266|
data1<2>       |dataout<5>     |    7.734|
data1<2>       |dataout<6>     |    8.434|
data1<2>       |dataout<7>     |    7.547|
data1<2>       |dataout<8>     |    8.877|
data1<2>       |dataout<9>     |    9.087|
data1<2>       |dataout<10>    |    9.328|
data1<2>       |dataout<11>    |    9.262|
data1<2>       |dataout<12>    |    9.402|
data1<2>       |dataout<13>    |    9.721|
data1<2>       |dataout<14>    |   10.981|
data1<2>       |dataout<15>    |   11.537|
data1<2>       |dataout<16>    |   11.625|
data1<2>       |dataout<17>    |   12.056|
data1<2>       |dataout<18>    |   13.302|
data1<2>       |dataout<19>    |   12.935|
data1<2>       |dataout<20>    |   13.547|
data1<2>       |dataout<21>    |   13.464|
data1<2>       |dataout<22>    |   13.721|
data1<2>       |dataout<23>    |   14.399|
data1<2>       |dataout<24>    |   14.579|
data1<2>       |dataout<25>    |   14.927|
data1<2>       |dataout<26>    |   15.950|
data1<2>       |dataout<27>    |   15.503|
data1<2>       |dataout<28>    |   16.556|
data1<2>       |dataout<29>    |   16.283|
data1<2>       |dataout<30>    |   16.447|
data1<2>       |dataout<31>    |   16.932|
data1<2>       |oflag          |   17.672|
data1<2>       |zflag          |   17.995|
data1<3>       |cflag          |   18.080|
data1<3>       |dataout<3>     |    8.326|
data1<3>       |dataout<4>     |    7.708|
data1<3>       |dataout<5>     |    8.176|
data1<3>       |dataout<6>     |    8.876|
data1<3>       |dataout<7>     |    7.989|
data1<3>       |dataout<8>     |    9.319|
data1<3>       |dataout<9>     |    9.529|
data1<3>       |dataout<10>    |    9.770|
data1<3>       |dataout<11>    |    9.704|
data1<3>       |dataout<12>    |    9.844|
data1<3>       |dataout<13>    |   10.163|
data1<3>       |dataout<14>    |   11.423|
data1<3>       |dataout<15>    |   11.979|
data1<3>       |dataout<16>    |   12.067|
data1<3>       |dataout<17>    |   12.498|
data1<3>       |dataout<18>    |   13.744|
data1<3>       |dataout<19>    |   13.377|
data1<3>       |dataout<20>    |   13.989|
data1<3>       |dataout<21>    |   13.906|
data1<3>       |dataout<22>    |   14.163|
data1<3>       |dataout<23>    |   14.841|
data1<3>       |dataout<24>    |   15.021|
data1<3>       |dataout<25>    |   15.369|
data1<3>       |dataout<26>    |   16.392|
data1<3>       |dataout<27>    |   15.945|
data1<3>       |dataout<28>    |   16.998|
data1<3>       |dataout<29>    |   16.725|
data1<3>       |dataout<30>    |   16.889|
data1<3>       |dataout<31>    |   17.374|
data1<3>       |oflag          |   18.114|
data1<3>       |zflag          |   18.437|
data1<4>       |cflag          |   16.921|
data1<4>       |dataout<4>     |    7.018|
data1<4>       |dataout<5>     |    7.629|
data1<4>       |dataout<6>     |    7.717|
data1<4>       |dataout<7>     |    6.830|
data1<4>       |dataout<8>     |    8.160|
data1<4>       |dataout<9>     |    8.370|
data1<4>       |dataout<10>    |    8.611|
data1<4>       |dataout<11>    |    8.545|
data1<4>       |dataout<12>    |    8.685|
data1<4>       |dataout<13>    |    9.004|
data1<4>       |dataout<14>    |   10.264|
data1<4>       |dataout<15>    |   10.820|
data1<4>       |dataout<16>    |   10.908|
data1<4>       |dataout<17>    |   11.339|
data1<4>       |dataout<18>    |   12.585|
data1<4>       |dataout<19>    |   12.218|
data1<4>       |dataout<20>    |   12.830|
data1<4>       |dataout<21>    |   12.747|
data1<4>       |dataout<22>    |   13.004|
data1<4>       |dataout<23>    |   13.682|
data1<4>       |dataout<24>    |   13.862|
data1<4>       |dataout<25>    |   14.210|
data1<4>       |dataout<26>    |   15.233|
data1<4>       |dataout<27>    |   14.786|
data1<4>       |dataout<28>    |   15.839|
data1<4>       |dataout<29>    |   15.566|
data1<4>       |dataout<30>    |   15.730|
data1<4>       |dataout<31>    |   16.215|
data1<4>       |oflag          |   16.955|
data1<4>       |zflag          |   17.278|
data1<5>       |cflag          |   17.284|
data1<5>       |dataout<5>     |    7.738|
data1<5>       |dataout<6>     |    8.080|
data1<5>       |dataout<7>     |    7.193|
data1<5>       |dataout<8>     |    8.523|
data1<5>       |dataout<9>     |    8.733|
data1<5>       |dataout<10>    |    8.974|
data1<5>       |dataout<11>    |    8.908|
data1<5>       |dataout<12>    |    9.048|
data1<5>       |dataout<13>    |    9.367|
data1<5>       |dataout<14>    |   10.627|
data1<5>       |dataout<15>    |   11.183|
data1<5>       |dataout<16>    |   11.271|
data1<5>       |dataout<17>    |   11.702|
data1<5>       |dataout<18>    |   12.948|
data1<5>       |dataout<19>    |   12.581|
data1<5>       |dataout<20>    |   13.193|
data1<5>       |dataout<21>    |   13.110|
data1<5>       |dataout<22>    |   13.367|
data1<5>       |dataout<23>    |   14.045|
data1<5>       |dataout<24>    |   14.225|
data1<5>       |dataout<25>    |   14.573|
data1<5>       |dataout<26>    |   15.596|
data1<5>       |dataout<27>    |   15.149|
data1<5>       |dataout<28>    |   16.202|
data1<5>       |dataout<29>    |   15.929|
data1<5>       |dataout<30>    |   16.093|
data1<5>       |dataout<31>    |   16.578|
data1<5>       |oflag          |   17.318|
data1<5>       |zflag          |   17.641|
data1<6>       |cflag          |   16.773|
data1<6>       |dataout<6>     |    7.507|
data1<6>       |dataout<7>     |    6.889|
data1<6>       |dataout<8>     |    8.012|
data1<6>       |dataout<9>     |    8.222|
data1<6>       |dataout<10>    |    8.463|
data1<6>       |dataout<11>    |    8.397|
data1<6>       |dataout<12>    |    8.537|
data1<6>       |dataout<13>    |    8.856|
data1<6>       |dataout<14>    |   10.116|
data1<6>       |dataout<15>    |   10.672|
data1<6>       |dataout<16>    |   10.760|
data1<6>       |dataout<17>    |   11.191|
data1<6>       |dataout<18>    |   12.437|
data1<6>       |dataout<19>    |   12.070|
data1<6>       |dataout<20>    |   12.682|
data1<6>       |dataout<21>    |   12.599|
data1<6>       |dataout<22>    |   12.856|
data1<6>       |dataout<23>    |   13.534|
data1<6>       |dataout<24>    |   13.714|
data1<6>       |dataout<25>    |   14.062|
data1<6>       |dataout<26>    |   15.085|
data1<6>       |dataout<27>    |   14.638|
data1<6>       |dataout<28>    |   15.691|
data1<6>       |dataout<29>    |   15.418|
data1<6>       |dataout<30>    |   15.582|
data1<6>       |dataout<31>    |   16.067|
data1<6>       |oflag          |   16.807|
data1<6>       |zflag          |   17.130|
data1<7>       |cflag          |   17.177|
data1<7>       |dataout<7>     |    7.042|
data1<7>       |dataout<8>     |    8.416|
data1<7>       |dataout<9>     |    8.626|
data1<7>       |dataout<10>    |    8.867|
data1<7>       |dataout<11>    |    8.801|
data1<7>       |dataout<12>    |    8.941|
data1<7>       |dataout<13>    |    9.260|
data1<7>       |dataout<14>    |   10.520|
data1<7>       |dataout<15>    |   11.076|
data1<7>       |dataout<16>    |   11.164|
data1<7>       |dataout<17>    |   11.595|
data1<7>       |dataout<18>    |   12.841|
data1<7>       |dataout<19>    |   12.474|
data1<7>       |dataout<20>    |   13.086|
data1<7>       |dataout<21>    |   13.003|
data1<7>       |dataout<22>    |   13.260|
data1<7>       |dataout<23>    |   13.938|
data1<7>       |dataout<24>    |   14.118|
data1<7>       |dataout<25>    |   14.466|
data1<7>       |dataout<26>    |   15.489|
data1<7>       |dataout<27>    |   15.042|
data1<7>       |dataout<28>    |   16.095|
data1<7>       |dataout<29>    |   15.822|
data1<7>       |dataout<30>    |   15.986|
data1<7>       |dataout<31>    |   16.471|
data1<7>       |oflag          |   17.211|
data1<7>       |zflag          |   17.534|
data1<8>       |cflag          |   16.249|
data1<8>       |dataout<8>     |    7.370|
data1<8>       |dataout<9>     |    7.809|
data1<8>       |dataout<10>    |    7.939|
data1<8>       |dataout<11>    |    7.873|
data1<8>       |dataout<12>    |    8.013|
data1<8>       |dataout<13>    |    8.332|
data1<8>       |dataout<14>    |    9.592|
data1<8>       |dataout<15>    |   10.148|
data1<8>       |dataout<16>    |   10.236|
data1<8>       |dataout<17>    |   10.667|
data1<8>       |dataout<18>    |   11.913|
data1<8>       |dataout<19>    |   11.546|
data1<8>       |dataout<20>    |   12.158|
data1<8>       |dataout<21>    |   12.075|
data1<8>       |dataout<22>    |   12.332|
data1<8>       |dataout<23>    |   13.010|
data1<8>       |dataout<24>    |   13.190|
data1<8>       |dataout<25>    |   13.538|
data1<8>       |dataout<26>    |   14.561|
data1<8>       |dataout<27>    |   14.114|
data1<8>       |dataout<28>    |   15.167|
data1<8>       |dataout<29>    |   14.894|
data1<8>       |dataout<30>    |   15.058|
data1<8>       |dataout<31>    |   15.543|
data1<8>       |oflag          |   16.283|
data1<8>       |zflag          |   16.606|
data1<9>       |cflag          |   16.256|
data1<9>       |dataout<9>     |    7.606|
data1<9>       |dataout<10>    |    7.946|
data1<9>       |dataout<11>    |    7.880|
data1<9>       |dataout<12>    |    8.020|
data1<9>       |dataout<13>    |    8.339|
data1<9>       |dataout<14>    |    9.599|
data1<9>       |dataout<15>    |   10.155|
data1<9>       |dataout<16>    |   10.243|
data1<9>       |dataout<17>    |   10.674|
data1<9>       |dataout<18>    |   11.920|
data1<9>       |dataout<19>    |   11.553|
data1<9>       |dataout<20>    |   12.165|
data1<9>       |dataout<21>    |   12.082|
data1<9>       |dataout<22>    |   12.339|
data1<9>       |dataout<23>    |   13.017|
data1<9>       |dataout<24>    |   13.197|
data1<9>       |dataout<25>    |   13.545|
data1<9>       |dataout<26>    |   14.568|
data1<9>       |dataout<27>    |   14.121|
data1<9>       |dataout<28>    |   15.174|
data1<9>       |dataout<29>    |   14.901|
data1<9>       |dataout<30>    |   15.065|
data1<9>       |dataout<31>    |   15.550|
data1<9>       |oflag          |   16.290|
data1<9>       |zflag          |   16.613|
data1<10>      |cflag          |   16.263|
data1<10>      |dataout<10>    |    7.692|
data1<10>      |dataout<11>    |    7.982|
data1<10>      |dataout<12>    |    8.027|
data1<10>      |dataout<13>    |    8.346|
data1<10>      |dataout<14>    |    9.606|
data1<10>      |dataout<15>    |   10.162|
data1<10>      |dataout<16>    |   10.250|
data1<10>      |dataout<17>    |   10.681|
data1<10>      |dataout<18>    |   11.927|
data1<10>      |dataout<19>    |   11.560|
data1<10>      |dataout<20>    |   12.172|
data1<10>      |dataout<21>    |   12.089|
data1<10>      |dataout<22>    |   12.346|
data1<10>      |dataout<23>    |   13.024|
data1<10>      |dataout<24>    |   13.204|
data1<10>      |dataout<25>    |   13.552|
data1<10>      |dataout<26>    |   14.575|
data1<10>      |dataout<27>    |   14.128|
data1<10>      |dataout<28>    |   15.181|
data1<10>      |dataout<29>    |   14.908|
data1<10>      |dataout<30>    |   15.072|
data1<10>      |dataout<31>    |   15.557|
data1<10>      |oflag          |   16.297|
data1<10>      |zflag          |   16.620|
data1<11>      |cflag          |   15.853|
data1<11>      |dataout<11>    |    8.127|
data1<11>      |dataout<12>    |    7.617|
data1<11>      |dataout<13>    |    7.936|
data1<11>      |dataout<14>    |    9.196|
data1<11>      |dataout<15>    |    9.752|
data1<11>      |dataout<16>    |    9.840|
data1<11>      |dataout<17>    |   10.271|
data1<11>      |dataout<18>    |   11.517|
data1<11>      |dataout<19>    |   11.150|
data1<11>      |dataout<20>    |   11.762|
data1<11>      |dataout<21>    |   11.679|
data1<11>      |dataout<22>    |   11.936|
data1<11>      |dataout<23>    |   12.614|
data1<11>      |dataout<24>    |   12.794|
data1<11>      |dataout<25>    |   13.142|
data1<11>      |dataout<26>    |   14.165|
data1<11>      |dataout<27>    |   13.718|
data1<11>      |dataout<28>    |   14.771|
data1<11>      |dataout<29>    |   14.498|
data1<11>      |dataout<30>    |   14.662|
data1<11>      |dataout<31>    |   15.147|
data1<11>      |oflag          |   15.887|
data1<11>      |zflag          |   16.210|
data1<12>      |cflag          |   15.115|
data1<12>      |dataout<12>    |    7.291|
data1<12>      |dataout<13>    |    7.931|
data1<12>      |dataout<14>    |    8.458|
data1<12>      |dataout<15>    |    9.014|
data1<12>      |dataout<16>    |    9.102|
data1<12>      |dataout<17>    |    9.533|
data1<12>      |dataout<18>    |   10.779|
data1<12>      |dataout<19>    |   10.412|
data1<12>      |dataout<20>    |   11.024|
data1<12>      |dataout<21>    |   10.941|
data1<12>      |dataout<22>    |   11.198|
data1<12>      |dataout<23>    |   11.876|
data1<12>      |dataout<24>    |   12.056|
data1<12>      |dataout<25>    |   12.404|
data1<12>      |dataout<26>    |   13.427|
data1<12>      |dataout<27>    |   12.980|
data1<12>      |dataout<28>    |   14.033|
data1<12>      |dataout<29>    |   13.760|
data1<12>      |dataout<30>    |   13.924|
data1<12>      |dataout<31>    |   14.409|
data1<12>      |oflag          |   15.149|
data1<12>      |zflag          |   15.472|
data1<13>      |cflag          |   15.111|
data1<13>      |dataout<13>    |    8.083|
data1<13>      |dataout<14>    |    8.454|
data1<13>      |dataout<15>    |    9.010|
data1<13>      |dataout<16>    |    9.098|
data1<13>      |dataout<17>    |    9.529|
data1<13>      |dataout<18>    |   10.775|
data1<13>      |dataout<19>    |   10.408|
data1<13>      |dataout<20>    |   11.020|
data1<13>      |dataout<21>    |   10.937|
data1<13>      |dataout<22>    |   11.194|
data1<13>      |dataout<23>    |   11.872|
data1<13>      |dataout<24>    |   12.052|
data1<13>      |dataout<25>    |   12.400|
data1<13>      |dataout<26>    |   13.423|
data1<13>      |dataout<27>    |   12.976|
data1<13>      |dataout<28>    |   14.029|
data1<13>      |dataout<29>    |   13.756|
data1<13>      |dataout<30>    |   13.920|
data1<13>      |dataout<31>    |   14.405|
data1<13>      |oflag          |   15.145|
data1<13>      |zflag          |   15.468|
data1<14>      |cflag          |   14.960|
data1<14>      |dataout<14>    |    7.544|
data1<14>      |dataout<15>    |    8.790|
data1<14>      |dataout<16>    |    8.947|
data1<14>      |dataout<17>    |    9.378|
data1<14>      |dataout<18>    |   10.624|
data1<14>      |dataout<19>    |   10.257|
data1<14>      |dataout<20>    |   10.869|
data1<14>      |dataout<21>    |   10.786|
data1<14>      |dataout<22>    |   11.043|
data1<14>      |dataout<23>    |   11.721|
data1<14>      |dataout<24>    |   11.901|
data1<14>      |dataout<25>    |   12.249|
data1<14>      |dataout<26>    |   13.272|
data1<14>      |dataout<27>    |   12.825|
data1<14>      |dataout<28>    |   13.878|
data1<14>      |dataout<29>    |   13.605|
data1<14>      |dataout<30>    |   13.769|
data1<14>      |dataout<31>    |   14.254|
data1<14>      |oflag          |   14.994|
data1<14>      |zflag          |   15.317|
data1<15>      |cflag          |   14.822|
data1<15>      |dataout<15>    |    8.391|
data1<15>      |dataout<16>    |    8.809|
data1<15>      |dataout<17>    |    9.240|
data1<15>      |dataout<18>    |   10.486|
data1<15>      |dataout<19>    |   10.119|
data1<15>      |dataout<20>    |   10.731|
data1<15>      |dataout<21>    |   10.648|
data1<15>      |dataout<22>    |   10.905|
data1<15>      |dataout<23>    |   11.583|
data1<15>      |dataout<24>    |   11.763|
data1<15>      |dataout<25>    |   12.111|
data1<15>      |dataout<26>    |   13.134|
data1<15>      |dataout<27>    |   12.687|
data1<15>      |dataout<28>    |   13.740|
data1<15>      |dataout<29>    |   13.467|
data1<15>      |dataout<30>    |   13.631|
data1<15>      |dataout<31>    |   14.116|
data1<15>      |oflag          |   14.856|
data1<15>      |zflag          |   15.179|
data1<16>      |cflag          |   12.097|
data1<16>      |dataout<16>    |    6.852|
data1<16>      |dataout<17>    |    7.891|
data1<16>      |dataout<18>    |    7.761|
data1<16>      |dataout<19>    |    7.394|
data1<16>      |dataout<20>    |    8.006|
data1<16>      |dataout<21>    |    7.923|
data1<16>      |dataout<22>    |    8.180|
data1<16>      |dataout<23>    |    8.858|
data1<16>      |dataout<24>    |    9.038|
data1<16>      |dataout<25>    |    9.386|
data1<16>      |dataout<26>    |   10.409|
data1<16>      |dataout<27>    |    9.962|
data1<16>      |dataout<28>    |   11.015|
data1<16>      |dataout<29>    |   10.742|
data1<16>      |dataout<30>    |   10.906|
data1<16>      |dataout<31>    |   11.391|
data1<16>      |oflag          |   12.131|
data1<16>      |zflag          |   12.454|
data1<17>      |cflag          |   11.921|
data1<17>      |dataout<17>    |    7.401|
data1<17>      |dataout<18>    |    7.585|
data1<17>      |dataout<19>    |    7.218|
data1<17>      |dataout<20>    |    7.830|
data1<17>      |dataout<21>    |    7.747|
data1<17>      |dataout<22>    |    8.004|
data1<17>      |dataout<23>    |    8.682|
data1<17>      |dataout<24>    |    8.862|
data1<17>      |dataout<25>    |    9.210|
data1<17>      |dataout<26>    |   10.233|
data1<17>      |dataout<27>    |    9.786|
data1<17>      |dataout<28>    |   10.839|
data1<17>      |dataout<29>    |   10.566|
data1<17>      |dataout<30>    |   10.730|
data1<17>      |dataout<31>    |   11.215|
data1<17>      |oflag          |   11.955|
data1<17>      |zflag          |   12.278|
data1<18>      |cflag          |   11.773|
data1<18>      |dataout<18>    |    6.686|
data1<18>      |dataout<19>    |    7.391|
data1<18>      |dataout<20>    |    7.682|
data1<18>      |dataout<21>    |    7.599|
data1<18>      |dataout<22>    |    7.856|
data1<18>      |dataout<23>    |    8.534|
data1<18>      |dataout<24>    |    8.714|
data1<18>      |dataout<25>    |    9.062|
data1<18>      |dataout<26>    |   10.085|
data1<18>      |dataout<27>    |    9.638|
data1<18>      |dataout<28>    |   10.691|
data1<18>      |dataout<29>    |   10.418|
data1<18>      |dataout<30>    |   10.582|
data1<18>      |dataout<31>    |   11.067|
data1<18>      |oflag          |   11.807|
data1<18>      |zflag          |   12.130|
data1<19>      |cflag          |   12.119|
data1<19>      |dataout<19>    |    7.609|
data1<19>      |dataout<20>    |    8.028|
data1<19>      |dataout<21>    |    7.945|
data1<19>      |dataout<22>    |    8.202|
data1<19>      |dataout<23>    |    8.880|
data1<19>      |dataout<24>    |    9.060|
data1<19>      |dataout<25>    |    9.408|
data1<19>      |dataout<26>    |   10.431|
data1<19>      |dataout<27>    |    9.984|
data1<19>      |dataout<28>    |   11.037|
data1<19>      |dataout<29>    |   10.764|
data1<19>      |dataout<30>    |   10.928|
data1<19>      |dataout<31>    |   11.413|
data1<19>      |oflag          |   12.153|
data1<19>      |zflag          |   12.476|
data1<20>      |cflag          |   10.841|
data1<20>      |dataout<20>    |    6.810|
data1<20>      |dataout<21>    |    7.069|
data1<20>      |dataout<22>    |    6.924|
data1<20>      |dataout<23>    |    7.602|
data1<20>      |dataout<24>    |    7.782|
data1<20>      |dataout<25>    |    8.130|
data1<20>      |dataout<26>    |    9.153|
data1<20>      |dataout<27>    |    8.706|
data1<20>      |dataout<28>    |    9.759|
data1<20>      |dataout<29>    |    9.486|
data1<20>      |dataout<30>    |    9.650|
data1<20>      |dataout<31>    |   10.135|
data1<20>      |oflag          |   10.875|
data1<20>      |zflag          |   11.198|
data1<21>      |cflag          |   10.954|
data1<21>      |dataout<21>    |    7.329|
data1<21>      |dataout<22>    |    7.037|
data1<21>      |dataout<23>    |    7.715|
data1<21>      |dataout<24>    |    7.895|
data1<21>      |dataout<25>    |    8.243|
data1<21>      |dataout<26>    |    9.266|
data1<21>      |dataout<27>    |    8.819|
data1<21>      |dataout<28>    |    9.872|
data1<21>      |dataout<29>    |    9.599|
data1<21>      |dataout<30>    |    9.763|
data1<21>      |dataout<31>    |   10.248|
data1<21>      |oflag          |   10.988|
data1<21>      |zflag          |   11.311|
data1<22>      |cflag          |   10.488|
data1<22>      |dataout<22>    |    6.732|
data1<22>      |dataout<23>    |    8.023|
data1<22>      |dataout<24>    |    7.429|
data1<22>      |dataout<25>    |    7.777|
data1<22>      |dataout<26>    |    8.800|
data1<22>      |dataout<27>    |    8.353|
data1<22>      |dataout<28>    |    9.406|
data1<22>      |dataout<29>    |    9.133|
data1<22>      |dataout<30>    |    9.297|
data1<22>      |dataout<31>    |    9.782|
data1<22>      |oflag          |   10.522|
data1<22>      |zflag          |   10.845|
data1<23>      |cflag          |   10.149|
data1<23>      |dataout<23>    |    8.192|
data1<23>      |dataout<24>    |    7.090|
data1<23>      |dataout<25>    |    7.438|
data1<23>      |dataout<26>    |    8.461|
data1<23>      |dataout<27>    |    8.014|
data1<23>      |dataout<28>    |    9.067|
data1<23>      |dataout<29>    |    8.794|
data1<23>      |dataout<30>    |    8.958|
data1<23>      |dataout<31>    |    9.443|
data1<23>      |oflag          |   10.183|
data1<23>      |zflag          |   10.506|
data1<24>      |cflag          |    9.587|
data1<24>      |dataout<24>    |    7.086|
data1<24>      |dataout<25>    |    7.664|
data1<24>      |dataout<26>    |    7.899|
data1<24>      |dataout<27>    |    7.452|
data1<24>      |dataout<28>    |    8.505|
data1<24>      |dataout<29>    |    8.232|
data1<24>      |dataout<30>    |    8.396|
data1<24>      |dataout<31>    |    8.881|
data1<24>      |oflag          |    9.621|
data1<24>      |zflag          |    9.944|
data1<25>      |cflag          |    9.414|
data1<25>      |dataout<25>    |    6.800|
data1<25>      |dataout<26>    |    7.726|
data1<25>      |dataout<27>    |    7.279|
data1<25>      |dataout<28>    |    8.332|
data1<25>      |dataout<29>    |    8.059|
data1<25>      |dataout<30>    |    8.223|
data1<25>      |dataout<31>    |    8.708|
data1<25>      |oflag          |    9.448|
data1<25>      |zflag          |    9.771|
data1<26>      |cflag          |    8.891|
data1<26>      |dataout<26>    |    6.564|
data1<26>      |dataout<27>    |    7.674|
data1<26>      |dataout<28>    |    7.809|
data1<26>      |dataout<29>    |    7.536|
data1<26>      |dataout<30>    |    7.700|
data1<26>      |dataout<31>    |    8.185|
data1<26>      |oflag          |    8.925|
data1<26>      |zflag          |    9.248|
data1<27>      |cflag          |    9.066|
data1<27>      |dataout<27>    |    7.690|
data1<27>      |dataout<28>    |    7.984|
data1<27>      |dataout<29>    |    7.711|
data1<27>      |dataout<30>    |    7.875|
data1<27>      |dataout<31>    |    8.360|
data1<27>      |oflag          |    9.100|
data1<27>      |zflag          |    9.423|
data1<28>      |cflag          |    8.578|
data1<28>      |dataout<28>    |    7.482|
data1<28>      |dataout<29>    |    8.066|
data1<28>      |dataout<30>    |    7.387|
data1<28>      |dataout<31>    |    7.872|
data1<28>      |oflag          |    8.612|
data1<28>      |zflag          |    9.368|
data1<29>      |cflag          |    8.720|
data1<29>      |dataout<29>    |    7.218|
data1<29>      |dataout<30>    |    7.529|
data1<29>      |dataout<31>    |    8.014|
data1<29>      |oflag          |    8.754|
data1<29>      |zflag          |    9.077|
data1<30>      |cflag          |    7.280|
data1<30>      |dataout<30>    |    7.021|
data1<30>      |dataout<31>    |    9.027|
data1<30>      |oflag          |    7.051|
data1<30>      |zflag          |   10.090|
data1<31>      |cflag          |    7.213|
data1<31>      |dataout<31>    |    7.613|
data1<31>      |oflag          |    7.046|
data1<31>      |zflag          |    8.676|
data2<0>       |cflag          |   18.741|
data2<0>       |dataout<0>     |    6.958|
data2<0>       |dataout<1>     |    7.148|
data2<0>       |dataout<2>     |    7.356|
data2<0>       |dataout<3>     |    8.598|
data2<0>       |dataout<4>     |    8.369|
data2<0>       |dataout<5>     |    8.837|
data2<0>       |dataout<6>     |    9.537|
data2<0>       |dataout<7>     |    8.650|
data2<0>       |dataout<8>     |    9.980|
data2<0>       |dataout<9>     |   10.190|
data2<0>       |dataout<10>    |   10.431|
data2<0>       |dataout<11>    |   10.365|
data2<0>       |dataout<12>    |   10.505|
data2<0>       |dataout<13>    |   10.824|
data2<0>       |dataout<14>    |   12.084|
data2<0>       |dataout<15>    |   12.640|
data2<0>       |dataout<16>    |   12.728|
data2<0>       |dataout<17>    |   13.159|
data2<0>       |dataout<18>    |   14.405|
data2<0>       |dataout<19>    |   14.038|
data2<0>       |dataout<20>    |   14.650|
data2<0>       |dataout<21>    |   14.567|
data2<0>       |dataout<22>    |   14.824|
data2<0>       |dataout<23>    |   15.502|
data2<0>       |dataout<24>    |   15.682|
data2<0>       |dataout<25>    |   16.030|
data2<0>       |dataout<26>    |   17.053|
data2<0>       |dataout<27>    |   16.606|
data2<0>       |dataout<28>    |   17.659|
data2<0>       |dataout<29>    |   17.386|
data2<0>       |dataout<30>    |   17.550|
data2<0>       |dataout<31>    |   18.035|
data2<0>       |oflag          |   18.775|
data2<0>       |zflag          |   19.098|
data2<1>       |cflag          |   18.838|
data2<1>       |dataout<1>     |    8.209|
data2<1>       |dataout<2>     |    7.453|
data2<1>       |dataout<3>     |    8.695|
data2<1>       |dataout<4>     |    8.466|
data2<1>       |dataout<5>     |    8.934|
data2<1>       |dataout<6>     |    9.634|
data2<1>       |dataout<7>     |    8.747|
data2<1>       |dataout<8>     |   10.077|
data2<1>       |dataout<9>     |   10.287|
data2<1>       |dataout<10>    |   10.528|
data2<1>       |dataout<11>    |   10.462|
data2<1>       |dataout<12>    |   10.602|
data2<1>       |dataout<13>    |   10.921|
data2<1>       |dataout<14>    |   12.181|
data2<1>       |dataout<15>    |   12.737|
data2<1>       |dataout<16>    |   12.825|
data2<1>       |dataout<17>    |   13.256|
data2<1>       |dataout<18>    |   14.502|
data2<1>       |dataout<19>    |   14.135|
data2<1>       |dataout<20>    |   14.747|
data2<1>       |dataout<21>    |   14.664|
data2<1>       |dataout<22>    |   14.921|
data2<1>       |dataout<23>    |   15.599|
data2<1>       |dataout<24>    |   15.779|
data2<1>       |dataout<25>    |   16.127|
data2<1>       |dataout<26>    |   17.150|
data2<1>       |dataout<27>    |   16.703|
data2<1>       |dataout<28>    |   17.756|
data2<1>       |dataout<29>    |   17.483|
data2<1>       |dataout<30>    |   17.647|
data2<1>       |dataout<31>    |   18.132|
data2<1>       |oflag          |   18.872|
data2<1>       |zflag          |   19.195|
data2<2>       |cflag          |   18.594|
data2<2>       |dataout<2>     |    6.841|
data2<2>       |dataout<3>     |    8.055|
data2<2>       |dataout<4>     |    8.222|
data2<2>       |dataout<5>     |    8.690|
data2<2>       |dataout<6>     |    9.390|
data2<2>       |dataout<7>     |    8.503|
data2<2>       |dataout<8>     |    9.833|
data2<2>       |dataout<9>     |   10.043|
data2<2>       |dataout<10>    |   10.284|
data2<2>       |dataout<11>    |   10.218|
data2<2>       |dataout<12>    |   10.358|
data2<2>       |dataout<13>    |   10.677|
data2<2>       |dataout<14>    |   11.937|
data2<2>       |dataout<15>    |   12.493|
data2<2>       |dataout<16>    |   12.581|
data2<2>       |dataout<17>    |   13.012|
data2<2>       |dataout<18>    |   14.258|
data2<2>       |dataout<19>    |   13.891|
data2<2>       |dataout<20>    |   14.503|
data2<2>       |dataout<21>    |   14.420|
data2<2>       |dataout<22>    |   14.677|
data2<2>       |dataout<23>    |   15.355|
data2<2>       |dataout<24>    |   15.535|
data2<2>       |dataout<25>    |   15.883|
data2<2>       |dataout<26>    |   16.906|
data2<2>       |dataout<27>    |   16.459|
data2<2>       |dataout<28>    |   17.512|
data2<2>       |dataout<29>    |   17.239|
data2<2>       |dataout<30>    |   17.403|
data2<2>       |dataout<31>    |   17.888|
data2<2>       |oflag          |   18.628|
data2<2>       |zflag          |   18.951|
data2<3>       |cflag          |   18.227|
data2<3>       |dataout<3>     |    8.201|
data2<3>       |dataout<4>     |    7.855|
data2<3>       |dataout<5>     |    8.323|
data2<3>       |dataout<6>     |    9.023|
data2<3>       |dataout<7>     |    8.136|
data2<3>       |dataout<8>     |    9.466|
data2<3>       |dataout<9>     |    9.676|
data2<3>       |dataout<10>    |    9.917|
data2<3>       |dataout<11>    |    9.851|
data2<3>       |dataout<12>    |    9.991|
data2<3>       |dataout<13>    |   10.310|
data2<3>       |dataout<14>    |   11.570|
data2<3>       |dataout<15>    |   12.126|
data2<3>       |dataout<16>    |   12.214|
data2<3>       |dataout<17>    |   12.645|
data2<3>       |dataout<18>    |   13.891|
data2<3>       |dataout<19>    |   13.524|
data2<3>       |dataout<20>    |   14.136|
data2<3>       |dataout<21>    |   14.053|
data2<3>       |dataout<22>    |   14.310|
data2<3>       |dataout<23>    |   14.988|
data2<3>       |dataout<24>    |   15.168|
data2<3>       |dataout<25>    |   15.516|
data2<3>       |dataout<26>    |   16.539|
data2<3>       |dataout<27>    |   16.092|
data2<3>       |dataout<28>    |   17.145|
data2<3>       |dataout<29>    |   16.872|
data2<3>       |dataout<30>    |   17.036|
data2<3>       |dataout<31>    |   17.521|
data2<3>       |oflag          |   18.261|
data2<3>       |zflag          |   18.584|
data2<4>       |cflag          |   16.932|
data2<4>       |dataout<4>     |    7.101|
data2<4>       |dataout<5>     |    7.998|
data2<4>       |dataout<6>     |    7.728|
data2<4>       |dataout<7>     |    6.841|
data2<4>       |dataout<8>     |    8.171|
data2<4>       |dataout<9>     |    8.381|
data2<4>       |dataout<10>    |    8.622|
data2<4>       |dataout<11>    |    8.556|
data2<4>       |dataout<12>    |    8.696|
data2<4>       |dataout<13>    |    9.015|
data2<4>       |dataout<14>    |   10.275|
data2<4>       |dataout<15>    |   10.831|
data2<4>       |dataout<16>    |   10.919|
data2<4>       |dataout<17>    |   11.350|
data2<4>       |dataout<18>    |   12.596|
data2<4>       |dataout<19>    |   12.229|
data2<4>       |dataout<20>    |   12.841|
data2<4>       |dataout<21>    |   12.758|
data2<4>       |dataout<22>    |   13.015|
data2<4>       |dataout<23>    |   13.693|
data2<4>       |dataout<24>    |   13.873|
data2<4>       |dataout<25>    |   14.221|
data2<4>       |dataout<26>    |   15.244|
data2<4>       |dataout<27>    |   14.797|
data2<4>       |dataout<28>    |   15.850|
data2<4>       |dataout<29>    |   15.577|
data2<4>       |dataout<30>    |   15.741|
data2<4>       |dataout<31>    |   16.226|
data2<4>       |oflag          |   16.966|
data2<4>       |zflag          |   17.289|
data2<5>       |cflag          |   17.320|
data2<5>       |dataout<5>     |    7.454|
data2<5>       |dataout<6>     |    8.116|
data2<5>       |dataout<7>     |    7.229|
data2<5>       |dataout<8>     |    8.559|
data2<5>       |dataout<9>     |    8.769|
data2<5>       |dataout<10>    |    9.010|
data2<5>       |dataout<11>    |    8.944|
data2<5>       |dataout<12>    |    9.084|
data2<5>       |dataout<13>    |    9.403|
data2<5>       |dataout<14>    |   10.663|
data2<5>       |dataout<15>    |   11.219|
data2<5>       |dataout<16>    |   11.307|
data2<5>       |dataout<17>    |   11.738|
data2<5>       |dataout<18>    |   12.984|
data2<5>       |dataout<19>    |   12.617|
data2<5>       |dataout<20>    |   13.229|
data2<5>       |dataout<21>    |   13.146|
data2<5>       |dataout<22>    |   13.403|
data2<5>       |dataout<23>    |   14.081|
data2<5>       |dataout<24>    |   14.261|
data2<5>       |dataout<25>    |   14.609|
data2<5>       |dataout<26>    |   15.632|
data2<5>       |dataout<27>    |   15.185|
data2<5>       |dataout<28>    |   16.238|
data2<5>       |dataout<29>    |   15.965|
data2<5>       |dataout<30>    |   16.129|
data2<5>       |dataout<31>    |   16.614|
data2<5>       |oflag          |   17.354|
data2<5>       |zflag          |   17.677|
data2<6>       |cflag          |   17.341|
data2<6>       |dataout<6>     |    7.414|
data2<6>       |dataout<7>     |    7.704|
data2<6>       |dataout<8>     |    8.580|
data2<6>       |dataout<9>     |    8.790|
data2<6>       |dataout<10>    |    9.031|
data2<6>       |dataout<11>    |    8.965|
data2<6>       |dataout<12>    |    9.105|
data2<6>       |dataout<13>    |    9.424|
data2<6>       |dataout<14>    |   10.684|
data2<6>       |dataout<15>    |   11.240|
data2<6>       |dataout<16>    |   11.328|
data2<6>       |dataout<17>    |   11.759|
data2<6>       |dataout<18>    |   13.005|
data2<6>       |dataout<19>    |   12.638|
data2<6>       |dataout<20>    |   13.250|
data2<6>       |dataout<21>    |   13.167|
data2<6>       |dataout<22>    |   13.424|
data2<6>       |dataout<23>    |   14.102|
data2<6>       |dataout<24>    |   14.282|
data2<6>       |dataout<25>    |   14.630|
data2<6>       |dataout<26>    |   15.653|
data2<6>       |dataout<27>    |   15.206|
data2<6>       |dataout<28>    |   16.259|
data2<6>       |dataout<29>    |   15.986|
data2<6>       |dataout<30>    |   16.150|
data2<6>       |dataout<31>    |   16.635|
data2<6>       |oflag          |   17.375|
data2<6>       |zflag          |   17.698|
data2<7>       |cflag          |   16.941|
data2<7>       |dataout<7>     |    7.286|
data2<7>       |dataout<8>     |    8.180|
data2<7>       |dataout<9>     |    8.390|
data2<7>       |dataout<10>    |    8.631|
data2<7>       |dataout<11>    |    8.565|
data2<7>       |dataout<12>    |    8.705|
data2<7>       |dataout<13>    |    9.024|
data2<7>       |dataout<14>    |   10.284|
data2<7>       |dataout<15>    |   10.840|
data2<7>       |dataout<16>    |   10.928|
data2<7>       |dataout<17>    |   11.359|
data2<7>       |dataout<18>    |   12.605|
data2<7>       |dataout<19>    |   12.238|
data2<7>       |dataout<20>    |   12.850|
data2<7>       |dataout<21>    |   12.767|
data2<7>       |dataout<22>    |   13.024|
data2<7>       |dataout<23>    |   13.702|
data2<7>       |dataout<24>    |   13.882|
data2<7>       |dataout<25>    |   14.230|
data2<7>       |dataout<26>    |   15.253|
data2<7>       |dataout<27>    |   14.806|
data2<7>       |dataout<28>    |   15.859|
data2<7>       |dataout<29>    |   15.586|
data2<7>       |dataout<30>    |   15.750|
data2<7>       |dataout<31>    |   16.235|
data2<7>       |oflag          |   16.975|
data2<7>       |zflag          |   17.298|
data2<8>       |cflag          |   16.474|
data2<8>       |dataout<8>     |    7.174|
data2<8>       |dataout<9>     |    8.126|
data2<8>       |dataout<10>    |    8.164|
data2<8>       |dataout<11>    |    8.098|
data2<8>       |dataout<12>    |    8.238|
data2<8>       |dataout<13>    |    8.557|
data2<8>       |dataout<14>    |    9.817|
data2<8>       |dataout<15>    |   10.373|
data2<8>       |dataout<16>    |   10.461|
data2<8>       |dataout<17>    |   10.892|
data2<8>       |dataout<18>    |   12.138|
data2<8>       |dataout<19>    |   11.771|
data2<8>       |dataout<20>    |   12.383|
data2<8>       |dataout<21>    |   12.300|
data2<8>       |dataout<22>    |   12.557|
data2<8>       |dataout<23>    |   13.235|
data2<8>       |dataout<24>    |   13.415|
data2<8>       |dataout<25>    |   13.763|
data2<8>       |dataout<26>    |   14.786|
data2<8>       |dataout<27>    |   14.339|
data2<8>       |dataout<28>    |   15.392|
data2<8>       |dataout<29>    |   15.119|
data2<8>       |dataout<30>    |   15.283|
data2<8>       |dataout<31>    |   15.768|
data2<8>       |oflag          |   16.508|
data2<8>       |zflag          |   16.831|
data2<9>       |cflag          |   16.228|
data2<9>       |dataout<9>     |    7.931|
data2<9>       |dataout<10>    |    7.918|
data2<9>       |dataout<11>    |    7.852|
data2<9>       |dataout<12>    |    7.992|
data2<9>       |dataout<13>    |    8.311|
data2<9>       |dataout<14>    |    9.571|
data2<9>       |dataout<15>    |   10.127|
data2<9>       |dataout<16>    |   10.215|
data2<9>       |dataout<17>    |   10.646|
data2<9>       |dataout<18>    |   11.892|
data2<9>       |dataout<19>    |   11.525|
data2<9>       |dataout<20>    |   12.137|
data2<9>       |dataout<21>    |   12.054|
data2<9>       |dataout<22>    |   12.311|
data2<9>       |dataout<23>    |   12.989|
data2<9>       |dataout<24>    |   13.169|
data2<9>       |dataout<25>    |   13.517|
data2<9>       |dataout<26>    |   14.540|
data2<9>       |dataout<27>    |   14.093|
data2<9>       |dataout<28>    |   15.146|
data2<9>       |dataout<29>    |   14.873|
data2<9>       |dataout<30>    |   15.037|
data2<9>       |dataout<31>    |   15.522|
data2<9>       |oflag          |   16.262|
data2<9>       |zflag          |   16.585|
data2<10>      |cflag          |   16.001|
data2<10>      |dataout<10>    |    7.335|
data2<10>      |dataout<11>    |    8.046|
data2<10>      |dataout<12>    |    7.765|
data2<10>      |dataout<13>    |    8.084|
data2<10>      |dataout<14>    |    9.344|
data2<10>      |dataout<15>    |    9.900|
data2<10>      |dataout<16>    |    9.988|
data2<10>      |dataout<17>    |   10.419|
data2<10>      |dataout<18>    |   11.665|
data2<10>      |dataout<19>    |   11.298|
data2<10>      |dataout<20>    |   11.910|
data2<10>      |dataout<21>    |   11.827|
data2<10>      |dataout<22>    |   12.084|
data2<10>      |dataout<23>    |   12.762|
data2<10>      |dataout<24>    |   12.942|
data2<10>      |dataout<25>    |   13.290|
data2<10>      |dataout<26>    |   14.313|
data2<10>      |dataout<27>    |   13.866|
data2<10>      |dataout<28>    |   14.919|
data2<10>      |dataout<29>    |   14.646|
data2<10>      |dataout<30>    |   14.810|
data2<10>      |dataout<31>    |   15.295|
data2<10>      |oflag          |   16.035|
data2<10>      |zflag          |   16.358|
data2<11>      |cflag          |   16.035|
data2<11>      |dataout<11>    |    8.421|
data2<11>      |dataout<12>    |    7.799|
data2<11>      |dataout<13>    |    8.118|
data2<11>      |dataout<14>    |    9.378|
data2<11>      |dataout<15>    |    9.934|
data2<11>      |dataout<16>    |   10.022|
data2<11>      |dataout<17>    |   10.453|
data2<11>      |dataout<18>    |   11.699|
data2<11>      |dataout<19>    |   11.332|
data2<11>      |dataout<20>    |   11.944|
data2<11>      |dataout<21>    |   11.861|
data2<11>      |dataout<22>    |   12.118|
data2<11>      |dataout<23>    |   12.796|
data2<11>      |dataout<24>    |   12.976|
data2<11>      |dataout<25>    |   13.324|
data2<11>      |dataout<26>    |   14.347|
data2<11>      |dataout<27>    |   13.900|
data2<11>      |dataout<28>    |   14.953|
data2<11>      |dataout<29>    |   14.680|
data2<11>      |dataout<30>    |   14.844|
data2<11>      |dataout<31>    |   15.329|
data2<11>      |oflag          |   16.069|
data2<11>      |zflag          |   16.392|
data2<12>      |cflag          |   15.267|
data2<12>      |dataout<12>    |    7.254|
data2<12>      |dataout<13>    |    7.640|
data2<12>      |dataout<14>    |    8.610|
data2<12>      |dataout<15>    |    9.166|
data2<12>      |dataout<16>    |    9.254|
data2<12>      |dataout<17>    |    9.685|
data2<12>      |dataout<18>    |   10.931|
data2<12>      |dataout<19>    |   10.564|
data2<12>      |dataout<20>    |   11.176|
data2<12>      |dataout<21>    |   11.093|
data2<12>      |dataout<22>    |   11.350|
data2<12>      |dataout<23>    |   12.028|
data2<12>      |dataout<24>    |   12.208|
data2<12>      |dataout<25>    |   12.556|
data2<12>      |dataout<26>    |   13.579|
data2<12>      |dataout<27>    |   13.132|
data2<12>      |dataout<28>    |   14.185|
data2<12>      |dataout<29>    |   13.912|
data2<12>      |dataout<30>    |   14.076|
data2<12>      |dataout<31>    |   14.561|
data2<12>      |oflag          |   15.301|
data2<12>      |zflag          |   15.624|
data2<13>      |cflag          |   14.500|
data2<13>      |dataout<13>    |    8.216|
data2<13>      |dataout<14>    |    7.843|
data2<13>      |dataout<15>    |    8.399|
data2<13>      |dataout<16>    |    8.487|
data2<13>      |dataout<17>    |    8.918|
data2<13>      |dataout<18>    |   10.164|
data2<13>      |dataout<19>    |    9.797|
data2<13>      |dataout<20>    |   10.409|
data2<13>      |dataout<21>    |   10.326|
data2<13>      |dataout<22>    |   10.583|
data2<13>      |dataout<23>    |   11.261|
data2<13>      |dataout<24>    |   11.441|
data2<13>      |dataout<25>    |   11.789|
data2<13>      |dataout<26>    |   12.812|
data2<13>      |dataout<27>    |   12.365|
data2<13>      |dataout<28>    |   13.418|
data2<13>      |dataout<29>    |   13.145|
data2<13>      |dataout<30>    |   13.309|
data2<13>      |dataout<31>    |   13.794|
data2<13>      |oflag          |   14.534|
data2<13>      |zflag          |   14.857|
data2<14>      |cflag          |   14.129|
data2<14>      |dataout<14>    |    7.246|
data2<14>      |dataout<15>    |    8.983|
data2<14>      |dataout<16>    |    8.116|
data2<14>      |dataout<17>    |    8.547|
data2<14>      |dataout<18>    |    9.793|
data2<14>      |dataout<19>    |    9.426|
data2<14>      |dataout<20>    |   10.038|
data2<14>      |dataout<21>    |    9.955|
data2<14>      |dataout<22>    |   10.212|
data2<14>      |dataout<23>    |   10.890|
data2<14>      |dataout<24>    |   11.070|
data2<14>      |dataout<25>    |   11.418|
data2<14>      |dataout<26>    |   12.441|
data2<14>      |dataout<27>    |   11.994|
data2<14>      |dataout<28>    |   13.047|
data2<14>      |dataout<29>    |   12.774|
data2<14>      |dataout<30>    |   12.938|
data2<14>      |dataout<31>    |   13.423|
data2<14>      |oflag          |   14.163|
data2<14>      |zflag          |   14.486|
data2<15>      |cflag          |   14.339|
data2<15>      |dataout<15>    |    8.559|
data2<15>      |dataout<16>    |    8.326|
data2<15>      |dataout<17>    |    8.757|
data2<15>      |dataout<18>    |   10.003|
data2<15>      |dataout<19>    |    9.636|
data2<15>      |dataout<20>    |   10.248|
data2<15>      |dataout<21>    |   10.165|
data2<15>      |dataout<22>    |   10.422|
data2<15>      |dataout<23>    |   11.100|
data2<15>      |dataout<24>    |   11.280|
data2<15>      |dataout<25>    |   11.628|
data2<15>      |dataout<26>    |   12.651|
data2<15>      |dataout<27>    |   12.204|
data2<15>      |dataout<28>    |   13.257|
data2<15>      |dataout<29>    |   12.984|
data2<15>      |dataout<30>    |   13.148|
data2<15>      |dataout<31>    |   13.633|
data2<15>      |oflag          |   14.373|
data2<15>      |zflag          |   14.696|
data2<16>      |cflag          |   12.938|
data2<16>      |dataout<16>    |    6.998|
data2<16>      |dataout<17>    |    8.388|
data2<16>      |dataout<18>    |    8.602|
data2<16>      |dataout<19>    |    8.235|
data2<16>      |dataout<20>    |    8.847|
data2<16>      |dataout<21>    |    8.764|
data2<16>      |dataout<22>    |    9.021|
data2<16>      |dataout<23>    |    9.699|
data2<16>      |dataout<24>    |    9.879|
data2<16>      |dataout<25>    |   10.227|
data2<16>      |dataout<26>    |   11.250|
data2<16>      |dataout<27>    |   10.803|
data2<16>      |dataout<28>    |   11.856|
data2<16>      |dataout<29>    |   11.583|
data2<16>      |dataout<30>    |   11.747|
data2<16>      |dataout<31>    |   12.232|
data2<16>      |oflag          |   12.972|
data2<16>      |zflag          |   13.295|
data2<17>      |cflag          |   12.628|
data2<17>      |dataout<17>    |    7.777|
data2<17>      |dataout<18>    |    8.292|
data2<17>      |dataout<19>    |    7.925|
data2<17>      |dataout<20>    |    8.537|
data2<17>      |dataout<21>    |    8.454|
data2<17>      |dataout<22>    |    8.711|
data2<17>      |dataout<23>    |    9.389|
data2<17>      |dataout<24>    |    9.569|
data2<17>      |dataout<25>    |    9.917|
data2<17>      |dataout<26>    |   10.940|
data2<17>      |dataout<27>    |   10.493|
data2<17>      |dataout<28>    |   11.546|
data2<17>      |dataout<29>    |   11.273|
data2<17>      |dataout<30>    |   11.437|
data2<17>      |dataout<31>    |   11.922|
data2<17>      |oflag          |   12.662|
data2<17>      |zflag          |   12.985|
data2<18>      |cflag          |   11.884|
data2<18>      |dataout<18>    |    6.402|
data2<18>      |dataout<19>    |    7.360|
data2<18>      |dataout<20>    |    7.793|
data2<18>      |dataout<21>    |    7.710|
data2<18>      |dataout<22>    |    7.967|
data2<18>      |dataout<23>    |    8.645|
data2<18>      |dataout<24>    |    8.825|
data2<18>      |dataout<25>    |    9.173|
data2<18>      |dataout<26>    |   10.196|
data2<18>      |dataout<27>    |    9.749|
data2<18>      |dataout<28>    |   10.802|
data2<18>      |dataout<29>    |   10.529|
data2<18>      |dataout<30>    |   10.693|
data2<18>      |dataout<31>    |   11.178|
data2<18>      |oflag          |   11.918|
data2<18>      |zflag          |   12.241|
data2<19>      |cflag          |   12.180|
data2<19>      |dataout<19>    |    9.047|
data2<19>      |dataout<20>    |    8.089|
data2<19>      |dataout<21>    |    8.006|
data2<19>      |dataout<22>    |    8.263|
data2<19>      |dataout<23>    |    8.941|
data2<19>      |dataout<24>    |    9.121|
data2<19>      |dataout<25>    |    9.469|
data2<19>      |dataout<26>    |   10.492|
data2<19>      |dataout<27>    |   10.045|
data2<19>      |dataout<28>    |   11.098|
data2<19>      |dataout<29>    |   10.825|
data2<19>      |dataout<30>    |   10.989|
data2<19>      |dataout<31>    |   11.474|
data2<19>      |oflag          |   12.214|
data2<19>      |zflag          |   12.537|
data2<20>      |cflag          |   11.415|
data2<20>      |dataout<20>    |    7.290|
data2<20>      |dataout<21>    |    8.743|
data2<20>      |dataout<22>    |    7.498|
data2<20>      |dataout<23>    |    8.176|
data2<20>      |dataout<24>    |    8.356|
data2<20>      |dataout<25>    |    8.704|
data2<20>      |dataout<26>    |    9.727|
data2<20>      |dataout<27>    |    9.280|
data2<20>      |dataout<28>    |   10.333|
data2<20>      |dataout<29>    |   10.060|
data2<20>      |dataout<30>    |   10.224|
data2<20>      |dataout<31>    |   10.709|
data2<20>      |oflag          |   11.449|
data2<20>      |zflag          |   11.807|
data2<21>      |cflag          |   10.780|
data2<21>      |dataout<21>    |    7.051|
data2<21>      |dataout<22>    |    6.863|
data2<21>      |dataout<23>    |    7.541|
data2<21>      |dataout<24>    |    7.721|
data2<21>      |dataout<25>    |    8.069|
data2<21>      |dataout<26>    |    9.092|
data2<21>      |dataout<27>    |    8.645|
data2<21>      |dataout<28>    |    9.698|
data2<21>      |dataout<29>    |    9.425|
data2<21>      |dataout<30>    |    9.589|
data2<21>      |dataout<31>    |   10.074|
data2<21>      |oflag          |   10.814|
data2<21>      |zflag          |   11.137|
data2<22>      |cflag          |   10.014|
data2<22>      |dataout<22>    |    6.137|
data2<22>      |dataout<23>    |    7.122|
data2<22>      |dataout<24>    |    6.955|
data2<22>      |dataout<25>    |    7.303|
data2<22>      |dataout<26>    |    8.326|
data2<22>      |dataout<27>    |    7.879|
data2<22>      |dataout<28>    |    8.932|
data2<22>      |dataout<29>    |    8.659|
data2<22>      |dataout<30>    |    8.823|
data2<22>      |dataout<31>    |    9.308|
data2<22>      |oflag          |   10.048|
data2<22>      |zflag          |   10.371|
data2<23>      |cflag          |   10.177|
data2<23>      |dataout<23>    |    7.566|
data2<23>      |dataout<24>    |    7.118|
data2<23>      |dataout<25>    |    7.466|
data2<23>      |dataout<26>    |    8.489|
data2<23>      |dataout<27>    |    8.042|
data2<23>      |dataout<28>    |    9.095|
data2<23>      |dataout<29>    |    8.822|
data2<23>      |dataout<30>    |    8.986|
data2<23>      |dataout<31>    |    9.471|
data2<23>      |oflag          |   10.211|
data2<23>      |zflag          |   10.534|
data2<24>      |cflag          |    9.577|
data2<24>      |dataout<24>    |    7.148|
data2<24>      |dataout<25>    |    8.847|
data2<24>      |dataout<26>    |    7.889|
data2<24>      |dataout<27>    |    7.442|
data2<24>      |dataout<28>    |    8.495|
data2<24>      |dataout<29>    |    8.222|
data2<24>      |dataout<30>    |    8.386|
data2<24>      |dataout<31>    |    8.871|
data2<24>      |oflag          |    9.611|
data2<24>      |zflag          |   10.659|
data2<25>      |cflag          |    9.495|
data2<25>      |dataout<25>    |    7.661|
data2<25>      |dataout<26>    |    7.807|
data2<25>      |dataout<27>    |    7.360|
data2<25>      |dataout<28>    |    8.413|
data2<25>      |dataout<29>    |    8.140|
data2<25>      |dataout<30>    |    8.304|
data2<25>      |dataout<31>    |    8.789|
data2<25>      |oflag          |    9.529|
data2<25>      |zflag          |    9.852|
data2<26>      |cflag          |    9.342|
data2<26>      |dataout<26>    |    7.482|
data2<26>      |dataout<27>    |    7.925|
data2<26>      |dataout<28>    |    8.260|
data2<26>      |dataout<29>    |    7.987|
data2<26>      |dataout<30>    |    8.151|
data2<26>      |dataout<31>    |    8.636|
data2<26>      |oflag          |    9.376|
data2<26>      |zflag          |    9.699|
data2<27>      |cflag          |    8.186|
data2<27>      |dataout<27>    |    7.293|
data2<27>      |dataout<28>    |    7.104|
data2<27>      |dataout<29>    |    6.831|
data2<27>      |dataout<30>    |    6.995|
data2<27>      |dataout<31>    |    7.480|
data2<27>      |oflag          |    8.220|
data2<27>      |zflag          |    8.707|
data2<28>      |cflag          |    8.885|
data2<28>      |dataout<28>    |    7.313|
data2<28>      |dataout<29>    |    7.923|
data2<28>      |dataout<30>    |    7.694|
data2<28>      |dataout<31>    |    8.179|
data2<28>      |oflag          |    8.919|
data2<28>      |zflag          |    9.242|
data2<29>      |cflag          |    8.636|
data2<29>      |dataout<29>    |    7.500|
data2<29>      |dataout<30>    |    7.445|
data2<29>      |dataout<31>    |    7.930|
data2<29>      |oflag          |    8.670|
data2<29>      |zflag          |    8.993|
data2<30>      |cflag          |    8.000|
data2<30>      |dataout<30>    |    8.005|
data2<30>      |dataout<31>    |    8.904|
data2<30>      |oflag          |    8.069|
data2<30>      |zflag          |    9.967|
data2<31>      |cflag          |    7.474|
data2<31>      |dataout<31>    |    8.124|
data2<31>      |oflag          |    7.842|
data2<31>      |zflag          |    9.187|
---------------+---------------+---------+


Analysis completed Wed Apr 04 23:57:22 2018 
--------------------------------------------------------------------------------

Trace Settings:
-------------------------
Trace Settings 

Peak Memory Usage: 668 MB



