Release 14.5 - xst P.58f (nt64)
Copyright (c) 1995-2012 Xilinx, Inc.  All rights reserved.
--> Parameter TMPDIR set to xst/projnav.tmp


Total REAL time to Xst completion: 0.00 secs
Total CPU time to Xst completion: 0.33 secs
 
--> Parameter xsthdpdir set to xst


Total REAL time to Xst completion: 0.00 secs
Total CPU time to Xst completion: 0.33 secs
 
--> Reading design: ALU.prj

TABLE OF CONTENTS
  1) Synthesis Options Summary
  2) HDL Parsing
  3) HDL Elaboration
  4) HDL Synthesis
       4.1) HDL Synthesis Report
  5) Advanced HDL Synthesis
       5.1) Advanced HDL Synthesis Report
  6) Low Level Synthesis
  7) Partition Report
  8) Design Summary
       8.1) Primitive and Black Box Usage
       8.2) Device utilization summary
       8.3) Partition Resource Summary
       8.4) Timing Report
            8.4.1) Clock Information
            8.4.2) Asynchronous Control Signals Information
            8.4.3) Timing Summary
            8.4.4) Timing Details
            8.4.5) Cross Clock Domains Report


=========================================================================
*                      Synthesis Options Summary                        *
=========================================================================
---- Source Parameters
Input File Name                    : "ALU.prj"
Ignore Synthesis Constraint File   : NO

---- Target Parameters
Output File Name                   : "ALU"
Output Format                      : NGC
Target Device                      : xc7a100t-3-csg324

---- Source Options
Top Module Name                    : ALU
Automatic FSM Extraction           : YES
FSM Encoding Algorithm             : Auto
Safe Implementation                : No
FSM Style                          : LUT
RAM Extraction                     : Yes
RAM Style                          : Auto
ROM Extraction                     : Yes
Shift Register Extraction          : YES
ROM Style                          : Auto
Resource Sharing                   : YES
Asynchronous To Synchronous        : NO
Shift Register Minimum Size        : 2
Use DSP Block                      : Auto
Automatic Register Balancing       : No

---- Target Options
LUT Combining                      : Auto
Reduce Control Sets                : Auto
Add IO Buffers                     : YES
Global Maximum Fanout              : 100000
Add Generic Clock Buffer(BUFG)     : 32
Register Duplication               : YES
Optimize Instantiated Primitives   : NO
Use Clock Enable                   : Auto
Use Synchronous Set                : Auto
Use Synchronous Reset              : Auto
Pack IO Registers into IOBs        : Auto
Equivalent register Removal        : YES

---- General Options
Optimization Goal                  : Speed
Optimization Effort                : 1
Power Reduction                    : NO
Keep Hierarchy                     : No
Netlist Hierarchy                  : As_Optimized
RTL Output                         : Yes
Global Optimization                : AllClockNets
Read Cores                         : YES
Write Timing Constraints           : NO
Cross Clock Analysis               : NO
Hierarchy Separator                : /
Bus Delimiter                      : <>
Case Specifier                     : Maintain
Slice Utilization Ratio            : 100
BRAM Utilization Ratio             : 100
DSP48 Utilization Ratio            : 100
Auto BRAM Packing                  : NO
Slice Utilization Ratio Delta      : 5

=========================================================================


=========================================================================
*                          HDL Parsing                                  *
=========================================================================
Parsing VHDL file "C:\Xilinx\ProjectMilestone1\or_gate.vhd" into library work
Parsing entity <or_gate>.
Parsing architecture <Behavioral> of entity <or_gate>.
Parsing VHDL file "C:\Xilinx\ProjectMilestone1\oneBitALU.vhd" into library work
Parsing package <oneBitALU>.
Parsing package body <oneBitALU>.
Parsing VHDL file "C:\Xilinx\ProjectMilestone1\mux4X1.vhd" into library work
Parsing entity <mux4X1>.
Parsing architecture <Behavioral> of entity <mux4x1>.
Parsing VHDL file "C:\Xilinx\ProjectMilestone1\mux2X1.vhd" into library work
Parsing entity <mux2X1>.
Parsing architecture <Behavioral> of entity <mux2x1>.
Parsing VHDL file "C:\Xilinx\ProjectMilestone1\and_gate.vhd" into library work
Parsing entity <and_gate>.
Parsing architecture <Behavioral> of entity <and_gate>.
Parsing VHDL file "C:\Xilinx\ProjectMilestone1\adder.vhd" into library work
Parsing entity <adder>.
Parsing architecture <Behavioral> of entity <adder>.
Parsing VHDL file "C:\Xilinx\ProjectMilestone1\xor_gate.vhd" into library work
Parsing entity <xor_gate>.
Parsing architecture <Behavioral> of entity <xor_gate>.
Parsing VHDL file "C:\Xilinx\ProjectMilestone1\Or32Bit.vhd" into library work
Parsing entity <Or32Bit>.
Parsing architecture <Behavioral> of entity <or32bit>.
Parsing VHDL file "C:\Xilinx\ProjectMilestone1\ONEBIT_ALU.vhd" into library work
Parsing entity <ONEBIT_ALU>.
Parsing architecture <Behavioral> of entity <onebit_alu>.
WARNING:HDLCompiler:946 - "C:\Xilinx\ProjectMilestone1\ONEBIT_ALU.vhd" Line 52: Actual for formal port bbar is neither a static name nor a globally static expression
Parsing VHDL file "C:\Xilinx\ProjectMilestone1\ALUpackage.vhd" into library work
Parsing package <ALUpackage>.
Parsing package body <ALUpackage>.
Parsing VHDL file "C:\Xilinx\ProjectMilestone1\ALU.vhd" into library work
Parsing entity <ALU>.
Parsing architecture <Behavioral> of entity <alu>.

=========================================================================
*                            HDL Elaboration                            *
=========================================================================

Elaborating entity <ALU> (architecture <Behavioral>) from library <work>.

Elaborating entity <ONEBIT_ALU> (architecture <Behavioral>) from library <work>.

Elaborating entity <and_gate> (architecture <Behavioral>) from library <work>.

Elaborating entity <or_gate> (architecture <Behavioral>) from library <work>.

Elaborating entity <mux2X1> (architecture <Behavioral>) from library <work>.

Elaborating entity <adder> (architecture <Behavioral>) from library <work>.

Elaborating entity <mux4X1> (architecture <Behavioral>) from library <work>.

Elaborating entity <xor_gate> (architecture <Behavioral>) from library <work>.

Elaborating entity <Or32Bit> (architecture <Behavioral>) from library <work>.

=========================================================================
*                           HDL Synthesis                               *
=========================================================================

Synthesizing Unit <ALU>.
    Related source file is "C:\Xilinx\ProjectMilestone1\ALU.vhd".
WARNING:Xst:647 - Input <aluop<3:3>> is never used. This port will be preserved and left unconnected if it belongs to a top-level block or it belongs to a sub-block and the hierarchy of this sub-block is preserved.
WARNING:Xst:647 - Input <cin> is never used. This port will be preserved and left unconnected if it belongs to a top-level block or it belongs to a sub-block and the hierarchy of this sub-block is preserved.
    Summary:
	no macro.
Unit <ALU> synthesized.

Synthesizing Unit <ONEBIT_ALU>.
    Related source file is "C:\Xilinx\ProjectMilestone1\ONEBIT_ALU.vhd".
    Summary:
	no macro.
Unit <ONEBIT_ALU> synthesized.

Synthesizing Unit <and_gate>.
    Related source file is "C:\Xilinx\ProjectMilestone1\and_gate.vhd".
    Summary:
	no macro.
Unit <and_gate> synthesized.

Synthesizing Unit <or_gate>.
    Related source file is "C:\Xilinx\ProjectMilestone1\or_gate.vhd".
    Summary:
	no macro.
Unit <or_gate> synthesized.

Synthesizing Unit <mux2X1>.
    Related source file is "C:\Xilinx\ProjectMilestone1\mux2X1.vhd".
    Found 1-bit tristate buffer for signal <Bout> created at line 42
    Summary:
	inferred   1 Multiplexer(s).
	inferred   1 Tristate(s).
Unit <mux2X1> synthesized.

Synthesizing Unit <adder>.
    Related source file is "C:\Xilinx\ProjectMilestone1\adder.vhd".
    Found 2-bit adder for signal <n0012> created at line 43.
    Found 2-bit adder for signal <var> created at line 43.
    Summary:
	inferred   2 Adder/Subtractor(s).
Unit <adder> synthesized.

Synthesizing Unit <mux4X1>.
    Related source file is "C:\Xilinx\ProjectMilestone1\mux4X1.vhd".
    Found 1-bit 4-to-1 multiplexer for signal <Z_13_o_N1_MUX_12_o> created at line 42.
    Found 1-bit tristate buffer for signal <Output> created at line 42
    Summary:
	inferred   1 Multiplexer(s).
	inferred   1 Tristate(s).
Unit <mux4X1> synthesized.

Synthesizing Unit <xor_gate>.
    Related source file is "C:\Xilinx\ProjectMilestone1\xor_gate.vhd".
    Summary:
Unit <xor_gate> synthesized.

Synthesizing Unit <Or32Bit>.
    Related source file is "C:\Xilinx\ProjectMilestone1\Or32Bit.vhd".
    Summary:
	no macro.
Unit <Or32Bit> synthesized.

=========================================================================
HDL Synthesis Report

Macro Statistics
# Adders/Subtractors                                   : 64
 2-bit adder                                           : 64
# Multiplexers                                         : 64
 1-bit 2-to-1 multiplexer                              : 32
 1-bit 4-to-1 multiplexer                              : 32
# Tristates                                            : 64
 1-bit tristate buffer                                 : 64
# Xors                                                 : 1
 1-bit xor2                                            : 1

=========================================================================

=========================================================================
*                       Advanced HDL Synthesis                          *
=========================================================================


=========================================================================
Advanced HDL Synthesis Report

Macro Statistics
# Adders/Subtractors                                   : 32
 2-bit adder carry in                                  : 32
# Multiplexers                                         : 32
 1-bit 4-to-1 multiplexer                              : 32
# Xors                                                 : 1
 1-bit xor2                                            : 1

=========================================================================

=========================================================================
*                         Low Level Synthesis                           *
=========================================================================
WARNING:Xst:2042 - Unit ALU: 32 internal tristates are replaced by logic (pull-up yes): N34, N35, N36, N37, N38, N39, N40, N41, N42, N43, N44, N45, N46, N47, N48, N49, N50, N51, N52, N53, N54, N55, N56, N57, N58, N59, N60, N61, N62, N63, N64, N65.

Optimizing unit <ALU> ...

Mapping all equations...
Building and optimizing final netlist ...
Found area constraint ratio of 100 (+ 5) on block ALU, actual ratio is 0.

Final Macro Processing ...

=========================================================================
Final Register Report

Found no macro
=========================================================================

=========================================================================
*                           Partition Report                            *
=========================================================================

Partition Implementation Status
-------------------------------

  No Partitions were found in this design.

-------------------------------

=========================================================================
*                            Design Summary                             *
=========================================================================

Top Level Output File Name         : ALU.ngc

Primitive and Black Box Usage:
------------------------------
# BELS                             : 103
#      LUT2                        : 1
#      LUT3                        : 32
#      LUT4                        : 16
#      LUT5                        : 2
#      LUT6                        : 52
# IO Buffers                       : 102
#      IBUF                        : 67
#      OBUF                        : 35

Device utilization summary:
---------------------------

Selected Device : 7a100tcsg324-3 


Slice Logic Utilization: 
 Number of Slice LUTs:                  103  out of  63400     0%  
    Number used as Logic:               103  out of  63400     0%  

Slice Logic Distribution: 
 Number of LUT Flip Flop pairs used:    103
   Number with an unused Flip Flop:     103  out of    103   100%  
   Number with an unused LUT:             0  out of    103     0%  
   Number of fully used LUT-FF pairs:     0  out of    103     0%  
   Number of unique control sets:         0

IO Utilization: 
 Number of IOs:                         104
 Number of bonded IOBs:                 102  out of    210    48%  

Specific Feature Utilization:

---------------------------
Partition Resource Summary:
---------------------------

  No Partitions were found in this design.

---------------------------


=========================================================================
Timing Report

NOTE: THESE TIMING NUMBERS ARE ONLY A SYNTHESIS ESTIMATE.
      FOR ACCURATE TIMING INFORMATION PLEASE REFER TO THE TRACE REPORT
      GENERATED AFTER PLACE-and-ROUTE.

Clock Information:
------------------
No clock signals found in this design

Asynchronous Control Signals Information:
----------------------------------------
No asynchronous control signals found in this design

Timing Summary:
---------------
Speed Grade: -3

   Minimum period: No path found
   Minimum input arrival time before clock: No path found
   Maximum output required time after clock: No path found
   Maximum combinational path delay: 11.081ns

Timing Details:
---------------
All values displayed in nanoseconds (ns)

=========================================================================
Timing constraint: Default path analysis
  Total number of paths / destination ports: 3124 / 35
-------------------------------------------------------------------------
Delay:               11.081ns (Levels of Logic = 20)
  Source:            data1<1> (PAD)
  Destination:       zflag (PAD)

  Data Path: data1<1> to zflag
                                Gate     Net
    Cell:in->out      fanout   Delay   Delay  Logical Name (Net Name)
    ----------------------------------------  ------------
     IBUF:I->O             2   0.001   0.688  data1_1_IBUF (data1_1_IBUF)
     LUT5:I0->O            3   0.097   0.521  F1/F4/Madd_var_Madd_cy<0>11 (F1/F4/Madd_var_Madd_cy<0>)
     LUT6:I3->O            3   0.097   0.521  F3/F4/Madd_var_Madd_cy<0>11 (F3/F4/Madd_var_Madd_cy<0>)
     LUT6:I3->O            3   0.097   0.521  F5/F4/Madd_var_Madd_cy<0>11 (F5/F4/Madd_var_Madd_cy<0>)
     LUT6:I3->O            3   0.097   0.521  F7/F4/Madd_var_Madd_cy<0>11 (F7/F4/Madd_var_Madd_cy<0>)
     LUT6:I3->O            3   0.097   0.521  F9/F4/Madd_var_Madd_cy<0>11 (F9/F4/Madd_var_Madd_cy<0>)
     LUT6:I3->O            3   0.097   0.521  F11/F4/Madd_var_Madd_cy<0>11 (F11/F4/Madd_var_Madd_cy<0>)
     LUT6:I3->O            3   0.097   0.521  F13/F4/Madd_var_Madd_cy<0>11 (F13/F4/Madd_var_Madd_cy<0>)
     LUT6:I3->O            3   0.097   0.521  F15/F4/Madd_var_Madd_cy<0>11 (F15/F4/Madd_var_Madd_cy<0>)
     LUT6:I3->O            3   0.097   0.521  F17/F4/Madd_var_Madd_cy<0>11 (F17/F4/Madd_var_Madd_cy<0>)
     LUT6:I3->O            3   0.097   0.521  F19/F4/Madd_var_Madd_cy<0>11 (F19/F4/Madd_var_Madd_cy<0>)
     LUT6:I3->O            3   0.097   0.521  F21/F4/Madd_var_Madd_cy<0>11 (F21/F4/Madd_var_Madd_cy<0>)
     LUT6:I3->O            3   0.097   0.521  F23/F4/Madd_var_Madd_cy<0>11 (F23/F4/Madd_var_Madd_cy<0>)
     LUT6:I3->O            3   0.097   0.521  F25/F4/Madd_var_Madd_cy<0>11 (F25/F4/Madd_var_Madd_cy<0>)
     LUT6:I3->O            3   0.097   0.521  F27/F4/Madd_var_Madd_cy<0>11 (F27/F4/Madd_var_Madd_cy<0>)
     LUT6:I3->O            4   0.097   0.393  F29/F4/Madd_var_Madd_cy<0>11 (F29/F4/Madd_var_Madd_cy<0>)
     LUT6:I4->O            2   0.097   0.299  F30/F5/Mmux_Z_13_o_N1_MUX_12_o11 (dataout_30_OBUF)
     LUT5:I4->O            1   0.097   0.379  z/Zflag6 (z/Zflag5)
     LUT3:I1->O            1   0.097   0.279  z/Zflag7 (zflag_OBUF)
     OBUF:I->O                 0.000          zflag_OBUF (zflag)
    ----------------------------------------
    Total                     11.081ns (1.747ns logic, 9.334ns route)
                                       (15.8% logic, 84.2% route)

=========================================================================

Cross Clock Domains Report:
--------------------------

=========================================================================


Total REAL time to Xst completion: 15.00 secs
Total CPU time to Xst completion: 14.78 secs
 
--> 

Total memory usage is 403056 kilobytes

Number of errors   :    0 (   0 filtered)
Number of warnings :    4 (   0 filtered)
Number of infos    :    0 (   0 filtered)

